[GIN-debug] POST   /auth/signup              --> itish41/doctor_ai_assistant/controller.SignUp (4 handlers)
[GIN-debug] POST   /auth/login               --> itish41/doctor_ai_assistant/controller.Login (4 handlers)
[GIN-debug] POST   /auth/me                  --> itish41/doctor_ai_assistant/controller.GetProfile (4 handlers)
[GIN-debug] PUT    /auth/me                  --> itish41/doctor_ai_assistant/controller.UpdateProfile (4 handlers)
[GIN-debug] POST   /transcription/           --> itish41/doctor_ai_assistant/controller.GetTranscriptions (4 handlers)
[GIN-debug] POST   /transcription/:id/download --> itish41/doctor_ai_assistant/controller.DownloadTranscription (4 handlers)
[GIN-debug] POST   /transcription/:id/getTranscriptionByID --> itish41/doctor_ai_assistant/controller.GetTranscriptionByID (4 handlers)
[GIN-debug] PUT    /transcription/:id        --> itish41/doctor_ai_assistant/controller.UpdateTranscription (4 handlers)
[GIN-debug] POST   /transcription/:id/delete --> itish41/doctor_ai_assistant/controller.DeleteTranscription (4 handlers)
[GIN-debug] POST   /patients/                --> itish41/doctor_ai_assistant/controller.CreatePatient (4 handlers)
[GIN-debug] POST   /patients/patientsList    --> itish41/doctor_ai_assistant/controller.GetPatients (4 handlers)
[GIN-debug] POST   /patients/:id/getPatient  --> itish41/doctor_ai_assistant/controller.GetPatientByID (4 handlers)
[GIN-debug] PUT    /patients/:id/update      --> itish41/doctor_ai_assistant/controller.UpdatePatient (4 handlers)
[GIN-debug] POST   /patients/:id             --> itish41/doctor_ai_assistant/controller.DeletePatient (4 handlers)
[GIN-debug] POST   /patients/transcript      --> itish41/doctor_ai_assistant/controller.GetPatientTranscript (4 handlers)
[GIN-debug] POST   /dashboard/transcripts    --> itish41/doctor_ai_assistant/controller.GetDashboardTranscripts (4 handlers)
[GIN-debug] POST   /dashboard/patients       --> itish41/doctor_ai_assistant/controller.GetDashboardPatients (4 handlers)
[GIN-debug] POST   /dashboard/statistics/daily --> itish41/doctor_ai_assistant/controller.GetDailyStatistics (4 handlers)
[GIN-debug] POST   /dashboard/statistics/monthly --> itish41/doctor_ai_assistant/controller.GetMonthlyStatistics (4 handlers)
[GIN-debug] POST   /dashboard/statistics/busiest-days --> itish41/doctor_ai_assistant/controller.GetBusiestDays (4 handlers)
[GIN-debug] Listening and serving HTTP on :8080
